<?xml version="1.0" encoding="UTF-8"?>
<testsuite xmlns:xsi="http://www.w3.org/2001/XMLSchema-instance" xsi:noNamespaceSchemaLocation="https://maven.apache.org/surefire/maven-surefire-plugin/xsd/surefire-test-report.xsd" version="3.0.2" name="edu.harvard.dbmi.avillach.domain.SignedUrlResponseTest" time="0.08" tests="1" errors="0" skipped="0" failures="0">
  <properties>
[...]
</properties>
  <testcase name="testJacksonSerialization" classname="edu.harvard.dbmi.avillach.domain.SignedUrlResponseTest" time="0.076"/>
</testsuite>